C51 COMPILER V9.60.7.0   MAIN                                                              04/03/2024 10:21:21 PAGE 1   


C51 COMPILER V9.60.7.0, COMPILATION OF MODULE MAIN
OBJECT MODULE PLACED IN .\Objects\main.obj
COMPILER INVOKED BY: C:\Keil_v5\C51\BIN\C51.EXE main.c OPTIMIZE(8,SPEED) BROWSE DEBUG OBJECTEXTEND PRINT(.\Listings\main
                    -.lst) OBJECT(.\Objects\main.obj)

line level    source

   1          #include <STC15F2K60S2.H>
   2          #include "pcf8591.h"
   3          #include "4key.h"
   4          #include "p0init.h"
   5          #include "timer1.h"
   6          #include "typedef.h"
   7          #include "shuma.h"
   8          
   9          u8 num;
  10          
  11          void main()
  12          {
  13   1              p0init();
  14   1              timer1init(2);
  15   1              while(1)
  16   1              {
  17   2                      dac(51);
  18   2              }
  19   1      }
  20          
  21          //这里是定时器1中断函数
  22          void interrupttimer1() interrupt 3
  23          {
  24   1              
  25   1      }


MODULE INFORMATION:   STATIC OVERLAYABLE
   CODE SIZE        =     16    ----
   CONSTANT SIZE    =   ----    ----
   XDATA SIZE       =   ----    ----
   PDATA SIZE       =   ----    ----
   DATA SIZE        =      1    ----
   IDATA SIZE       =   ----    ----
   BIT SIZE         =   ----    ----
END OF MODULE INFORMATION.


C51 COMPILATION COMPLETE.  0 WARNING(S),  0 ERROR(S)
