C51 COMPILER V9.60.7.0   MAIN                                                              03/12/2024 17:30:56 PAGE 1   


C51 COMPILER V9.60.7.0, COMPILATION OF MODULE MAIN
OBJECT MODULE PLACED IN .\Objects\main.obj
COMPILER INVOKED BY: C:\Keil_v5\C51\BIN\C51.EXE main.c OPTIMIZE(8,SPEED) BROWSE DEBUG OBJECTEXTEND PRINT(.\Listings\main
                    -.lst) OBJECT(.\Objects\main.obj)

line level    source

   1          #include <STC15F2K60S2.H>
   2          #include <stdlib.h>
   3          #include <string.h>
   4          #include "at24c02.h"
   5          #include "uart1timer2.h"
   6          #include "typedef.h"
   7          
   8          u8 Sxdata[30];
   9          u8 Rxdata[30];
  10          
  11          void test1();
  12          void test2();
  13          
  14          void main()
  15          {
  16   1              uart1init(); 
  17   1              while(1)
  18   1              {
  19   2                      test2();
  20   2                      Delay5ms();
  21   2              }               
  22   1      }
  23          
  24          void test1()//单字节测试函数
  25          {
  26   1              static u8 a;
  27   1              a = ReceiveData();//单片机接收一个字节
  28   1              AT24C02_WriteByte(0x00,a);//AT24C02字节写
  29   1              SendData(AT24C02_ReadByte(0x00));//AT24C02字节读
  30   1      }
  31          
  32          void test2() // 多字节测试函数
  33          {
  34   1          if (Uart_WaitRecive()==0) {
  35   2              u8 lens = strlen(Rxdata) + 1; // 获取字符串长度
  36   2              if (lens!= 0) {
  37   3                  EEPROM_Write(0x00, Rxdata, lens); // 连续页写函数 
  38   3                  EEPROM_Read(0x00, Sxdata, lens); // 连续读函数
  39   3                  SendString(Sxdata);
  40   3              }
  41   2          }
  42   1      }
  43          
  44           


MODULE INFORMATION:   STATIC OVERLAYABLE
   CODE SIZE        =     88    ----
   CONSTANT SIZE    =   ----    ----
   XDATA SIZE       =   ----    ----
   PDATA SIZE       =   ----    ----
   DATA SIZE        =     61       1
   IDATA SIZE       =   ----    ----
   BIT SIZE         =   ----    ----
C51 COMPILER V9.60.7.0   MAIN                                                              03/12/2024 17:30:56 PAGE 2   

END OF MODULE INFORMATION.


C51 COMPILATION COMPLETE.  0 WARNING(S),  0 ERROR(S)
