C51 COMPILER V9.60.7.0   MAIN                                                              03/30/2024 13:26:33 PAGE 1   


C51 COMPILER V9.60.7.0, COMPILATION OF MODULE MAIN
OBJECT MODULE PLACED IN .\Objects\main.obj
COMPILER INVOKED BY: C:\Keil_v5\C51\BIN\C51.EXE main.c OPTIMIZE(8,SPEED) BROWSE DEBUG OBJECTEXTEND PRINT(.\Listings\main
                    -.lst) OBJECT(.\Objects\main.obj)

line level    source

   1          //独立按键(短按加长按)，数码管显示，led流水灯
   2          //本程序需将j3的signal和p34短接
   3          #include <STC15F2K60S2.H>
   4          #include "shuma.h"
   5          #include "timer1.h"
   6          #include "timer0.h"
   7          #include "typedef.h"
   8          
   9          
  10          //主函数在这里！
  11          void main()
  12          {
  13   1              timer0init();
  14   1              timer1init(2);
  15   1              while(1)
  16   1              {
  17   2                      
  18   2              }
  19   1      }
  20          
  21          //这里是定时器1中断函数
  22          void interrupttimer1() interrupt 3
  23          {
  24   1              u16 FreqCnt;
  25   1              static u16 AllTime = 0;
  26   1              if(AllTime == 0)          //ALLTime为计时的变量
  27   1              {
  28   2                      TR0 = 1;                 //计数器0开启计数
  29   2                      AllTime++;
  30   2              }
  31   1              else if(AllTime < 500)  //如果小于1s钟的话
  32   1              {
  33   2                      AllTime++;
  34   2              }
  35   1              else                        //如果1s到了的话
  36   1              {
  37   2                      AllTime = 0;            //清空计时变量
  38   2                      TR0 = 0;                //停止计时
  39   2                      FreqCnt = (((u16)TH0 << 8) |(u16)TL0); //将脉冲频率取出
  40   2                      warma(1,FreqCnt);
  41   2                      TH0 = 0;                //清除脉冲计数现有值，做好初始化
  42   2                      TL0 = 0;
  43   2              }
  44   1              shumascan();
  45   1      }


MODULE INFORMATION:   STATIC OVERLAYABLE
   CODE SIZE        =    144    ----
   CONSTANT SIZE    =   ----    ----
   XDATA SIZE       =   ----    ----
   PDATA SIZE       =   ----    ----
   DATA SIZE        =      2    ----
   IDATA SIZE       =   ----    ----
C51 COMPILER V9.60.7.0   MAIN                                                              03/30/2024 13:26:33 PAGE 2   

   BIT SIZE         =   ----    ----
END OF MODULE INFORMATION.


C51 COMPILATION COMPLETE.  0 WARNING(S),  0 ERROR(S)
