C51 COMPILER V9.60.7.0   TIMER0                                                            03/30/2024 13:26:34 PAGE 1   


C51 COMPILER V9.60.7.0, COMPILATION OF MODULE TIMER0
OBJECT MODULE PLACED IN .\Objects\timer0.obj
COMPILER INVOKED BY: C:\Keil_v5\C51\BIN\C51.EXE timer0.c OPTIMIZE(8,SPEED) BROWSE DEBUG OBJECTEXTEND PRINT(.\Listings\ti
                    -mer0.lst) OBJECT(.\Objects\timer0.obj)

line level    source

   1          #include <STC15F2K60S2.H>
   2          #include "typedef.h"
   3          
   4          //计数器0为ne555专用
   5          
   6          //计数器0 模式1 (16位自动重载)
   7          //@12mhz 1t (不分频)
   8          void timer0init()
   9          {
  10   1              AUXR |= 0x80;
  11   1              //TMOD
  12   1              TMOD |= 0x05;           //设置定时器模式
  13   1              //TL TH
  14   1              TL0 = 0x00;                 //设置定时初始值
  15   1              TH0 = 0x00;                 //设置定时初始值     
  16   1              //TCON
  17   1              TF0 = 0;                        //清除TF0标志
  18   1              TR0 = 0;                        //定时器0不计时
  19   1              //interupt
  20   1              ET0 = 0;            //中断允许位
  21   1      }


MODULE INFORMATION:   STATIC OVERLAYABLE
   CODE SIZE        =     18    ----
   CONSTANT SIZE    =   ----    ----
   XDATA SIZE       =   ----    ----
   PDATA SIZE       =   ----    ----
   DATA SIZE        =   ----    ----
   IDATA SIZE       =   ----    ----
   BIT SIZE         =   ----    ----
END OF MODULE INFORMATION.


C51 COMPILATION COMPLETE.  0 WARNING(S),  0 ERROR(S)
