C51 COMPILER V9.60.7.0   MAIN                                                              03/30/2024 14:17:09 PAGE 1   


C51 COMPILER V9.60.7.0, COMPILATION OF MODULE MAIN
OBJECT MODULE PLACED IN .\Objects\main.obj
COMPILER INVOKED BY: C:\Keil_v5\C51\BIN\C51.EXE main.c OPTIMIZE(8,SPEED) BROWSE DEBUG OBJECTEXTEND PRINT(.\Listings\main
                    -.lst) OBJECT(.\Objects\main.obj)

line level    source

   1          #include <STC15F2K60S2.H>
   2          #include "wave.h"
   3          #include "shuma.h"
   4          #include "timer1.h"
   5          
   6          u8 flag = 0;
   7          
   8          void main()
   9          {
  10   1              timer1init(2);
  11   1              while(1)
  12   1              {
  13   2                      if(flag == 1)
  14   2                      {
  15   3                              flag = 0;
  16   3                              warma(2,receive_wave());
  17   3                      }
  18   2              }
  19   1      }
  20          
  21          //这里是定时器1中断函数
  22          void interrupttimer1() interrupt 3
  23          {
  24   1              u8 count;
  25   1              count++;
  26   1              if(count>250)
  27   1              {
  28   2                      count = 0;
  29   2                      flag = 1;
  30   2              }
  31   1              shumascan();
  32   1      }


MODULE INFORMATION:   STATIC OVERLAYABLE
   CODE SIZE        =    106    ----
   CONSTANT SIZE    =   ----    ----
   XDATA SIZE       =   ----    ----
   PDATA SIZE       =   ----    ----
   DATA SIZE        =      1       1
   IDATA SIZE       =   ----    ----
   BIT SIZE         =   ----    ----
END OF MODULE INFORMATION.


C51 COMPILATION COMPLETE.  0 WARNING(S),  0 ERROR(S)
