C51 COMPILER V9.60.7.0   DS1302                                                            03/30/2024 14:49:18 PAGE 1   


C51 COMPILER V9.60.7.0, COMPILATION OF MODULE DS1302
OBJECT MODULE PLACED IN .\Objects\ds1302.obj
COMPILER INVOKED BY: C:\Keil_v5\C51\BIN\C51.EXE ds1302.c OPTIMIZE(8,SPEED) BROWSE DEBUG OBJECTEXTEND PRINT(.\Listings\ds
                    -1302.lst) OBJECT(.\Objects\ds1302.obj)

line level    source

   1          #include <STC15F2K60S2.H>
   2          #include <intrins.h>
   3          #include "typedef.h"
   4          
   5          //引脚定义
   6          sbit SCK = P1^7;//sclk
   7          sbit SDA = P2^3;//io
   8          sbit RST = P1^3;//ce
   9          
  10          //寄存器写入地址/指令定义
  11          #define sec             0x80
  12          #define min             0x82
  13          #define hour    0x84
  14          #define day     0x86
  15          #define month   0x88
  16          #define week    0x8A
  17          #define year    0x8C
  18          #define wp              0x8E
  19          
  20          u8 addr[]={year,month,day,hour,min,sec,week};
  21          
  22          //时间数组，索引0~6分别为年、月、日、时、分、秒、星期
  23          u8 time[]={19,11,16,12,59,55,6};
  24          
  25          //发送一个字节到通信总线上（已给出）
  26          void Write_Ds1302(u8 temp) 
  27          {
  28   1              u8 i;
  29   1              for (i=0;i<8;i++)       
  30   1              { 
  31   2                      SCK = 0;
  32   2                      SDA = temp&0x01;
  33   2                      temp>>=1; 
  34   2                      SCK=1;
  35   2              }
  36   1      }   
  37          
  38          //向某一寄存器中写入，address表示寄存器地址，dat为待写入字节（已给出）
  39          void Write_Ds1302_Byte( u8 address,u8 dat )     
  40          {
  41   1              RST=0;  _nop_();
  42   1              SCK=0;  _nop_();
  43   1              RST=1;  _nop_();  
  44   1              Write_Ds1302(address);  
  45   1              Write_Ds1302(dat);              
  46   1              RST=0; 
  47   1      }
  48          
  49          //从某一寄存器中读出一个字节，address表示寄存器地址（已给出）
  50          u8 Read_Ds1302_Byte ( u8 address )
  51          {
  52   1              u8 i,temp=0x00;
  53   1              RST=0;  _nop_();
  54   1              SCK=0;  _nop_();
C51 COMPILER V9.60.7.0   DS1302                                                            03/30/2024 14:49:18 PAGE 2   

  55   1              RST=1;  _nop_();
  56   1              Write_Ds1302(address);
  57   1              for (i=0;i<8;i++)       
  58   1              {               
  59   2                      SCK=0;
  60   2                      temp>>=1;       
  61   2                      if(SDA)
  62   2                      temp|=0x80;     
  63   2                      SCK=1;
  64   2              } 
  65   1              RST=0;  _nop_();
  66   1              SCK=0;  _nop_();
  67   1              SCK=1;  _nop_();
  68   1              SDA=0;  _nop_();
  69   1              SDA=1;  _nop_();
  70   1              return (temp);                  
  71   1      }
  72          
  73          //ds1302初始化并设置初始时间
  74          void DS1302_SetTime(void)
  75          {
  76   1              u8 i;
  77   1              RST=0;  _nop_();
  78   1              SCK=0;  _nop_();
  79   1              Write_Ds1302_Byte(wp,0x00);
  80   1              for(i=0;i<7;i++)
  81   1              {
  82   2                      Write_Ds1302_Byte(addr[i], time[i]/10*16 + time[i]%10);
  83   2              }
  84   1              Write_Ds1302_Byte(wp,0x80);
  85   1      }
  86          
  87          //DS1302读取时间，数据会被读取到ALL1302数组中
  88          void DS1302_ReadTime(void)
  89          {
  90   1              u8 Temp,i;
  91   1              for(i=0;i<7;i++)
  92   1              {
  93   2                      Temp = Read_Ds1302_Byte(addr[i]|0x01);
  94   2                      time[i] = Temp/16*10+Temp%16;
  95   2              }
  96   1      }


MODULE INFORMATION:   STATIC OVERLAYABLE
   CODE SIZE        =    187    ----
   CONSTANT SIZE    =   ----    ----
   XDATA SIZE       =   ----    ----
   PDATA SIZE       =   ----    ----
   DATA SIZE        =     14    ----
   IDATA SIZE       =   ----    ----
   BIT SIZE         =   ----    ----
END OF MODULE INFORMATION.


C51 COMPILATION COMPLETE.  0 WARNING(S),  0 ERROR(S)
