C51 COMPILER V9.60.7.0   PWMTIMER2                                                         03/30/2024 14:49:21 PAGE 1   


C51 COMPILER V9.60.7.0, COMPILATION OF MODULE PWMTIMER2
OBJECT MODULE PLACED IN .\Objects\pwmtimer2.obj
COMPILER INVOKED BY: C:\Keil_v5\C51\BIN\C51.EXE pwmtimer2.c OPTIMIZE(8,SPEED) BROWSE DEBUG OBJECTEXTEND PRINT(.\Listings
                    -\pwmtimer2.lst) OBJECT(.\Objects\pwmtimer2.obj)

line level    source

   1          #include <STC15F2K60S2.H>
   2          #include "typedef.h"
   3          
   4          //定时器2 模式1 (16位自动重载)
   5          //@12.000MHz 10us 12t (不分频) 高速模式
   6          void timer2init()
   7          {
   8   1              AUXR |= 0xFB;
   9   1              //th tl
  10   1              T2L = 0xF6;                     //设置定时初始值
  11   1              T2H = 0xFF;                     //设置定时初始值 
  12   1              //auxr
  13   1              AUXR |= 0x10;           //定时器2开始计时
  14   1              //interupt
  15   1              IE2 |= 0x04;            //使能定时器2中断
  16   1              EA = 1;             //cpu中断允许位
  17   1      }
  18          
  19          //直流电机
  20          void motor(u8 a)
  21          {
  22   1              P2=(P2&0x1f)|0xa0;
  23   1              P04=0;//关继电器
  24   1              P05=a;//a=0,输出1
  25   1              P06=0;//关蜂鸣器
  26   1              P2&=0x1f;
  27   1      }
  28          
  29          //pwm计算函数  定时器10us（100000hz）
  30          //max（最大精度）:建议10（T=100us）-100（T=1ms）
  31          //ex（占空比）：Ton/T  ex/max
  32          void pwm (u8 max,u8 ex)
  33          {
  34   1              static u8 cnt = 0;
  35   1              if(cnt == ex)
  36   1              {
  37   2                      motor(1);
  38   2              }
  39   1              if(cnt < max)
  40   1                      cnt++;
  41   1              else
  42   1              {
  43   2                      motor(0);
  44   2                      cnt = 0;
  45   2              }
  46   1      }
  47          
  48          //这里是定时器0（pwm）中断函数
  49          void interrupttimer0() interrupt 12
  50          {
  51   1              pwm (100,80);
  52   1      }
  53          

C51 COMPILER V9.60.7.0   PWMTIMER2                                                         03/30/2024 14:49:21 PAGE 2   


MODULE INFORMATION:   STATIC OVERLAYABLE
   CODE SIZE        =    100    ----
   CONSTANT SIZE    =   ----    ----
   XDATA SIZE       =   ----    ----
   PDATA SIZE       =   ----    ----
   DATA SIZE        =      1    ----
   IDATA SIZE       =   ----    ----
   BIT SIZE         =   ----    ----
END OF MODULE INFORMATION.


C51 COMPILATION COMPLETE.  0 WARNING(S),  0 ERROR(S)
