C51 COMPILER V9.60.7.0   TIMER0                                                            03/30/2024 14:49:15 PAGE 1   


C51 COMPILER V9.60.7.0, COMPILATION OF MODULE TIMER0
OBJECT MODULE PLACED IN .\Objects\timer0.obj
COMPILER INVOKED BY: C:\Keil_v5\C51\BIN\C51.EXE timer0.c OPTIMIZE(8,SPEED) BROWSE DEBUG OBJECTEXTEND PRINT(.\Listings\ti
                    -mer0.lst) OBJECT(.\Objects\timer0.obj)

line level    source

   1          #include <STC15F2K60S2.H>
   2          #include "typedef.h"
   3          
   4          //计数器0为ne555专用
   5          
   6          //计数器0 模式1 (16位自动重载)
   7          //@12.000Mhz 1t (不分频)
   8          void timer0init()
   9          {
  10   1              AUXR |= 0x80;
  11   1              //TMOD
  12   1              TMOD &= 0xF0;           //设置定时器模式
  13   1              //TL TH
  14   1              TL0 = 0x00;                 //设置定时初始值
  15   1              TH0 = 0x00;                 //设置定时初始值     
  16   1              //TCON
  17   1              TF0 = 0;                        //清除TF0标志
  18   1              TR0 = 0;                        //定时器0不计时
  19   1              //interupt
  20   1              ET0 = 0;            //中断允许位
  21   1      }
  22          
  23          ////主函数在这里！
  24          //void main()
  25          //{
  26          //      timer0init();
  27          //      timer1init(2);
  28          //      while(1)
  29          //      {
  30          //              
  31          //      }
  32          //}
  33          
  34          ////这里是定时器1中断函数
  35          //ne555测频用
  36          //void interrupttimer1() interrupt 3
  37          //{
  38          //      u16 FreqCnt;//频率计数
  39          //      static u16 AllTime = 0;
  40          //      if(AllTime == 0)          //ALLTime为计时的变量
  41          //      {
  42          //              TR0 = 1;              //计数器0开启计数
  43          //              AllTime++;
  44          //      }
  45          //      else if(AllTime < 1000)  //如果小于2s钟的话
  46          //      {
  47          //              AllTime++;
  48          //      }
  49          //      else                        //如果2s到了的话
  50          //      {
  51          //              AllTime = 0;            //清空计时变量
  52          //              TR0 = 0;                //停止计时
  53          //              FreqCnt = (((u16)TH0 << 8) |(u16)TL0)/2; //将脉冲频率取出/2
  54          //              TH0 = 0;                //清除脉冲计数现有值，做好初始化
C51 COMPILER V9.60.7.0   TIMER0                                                            03/30/2024 14:49:15 PAGE 2   

  55          //              TL0 = 0;
  56          //      }
  57          //}


MODULE INFORMATION:   STATIC OVERLAYABLE
   CODE SIZE        =     18    ----
   CONSTANT SIZE    =   ----    ----
   XDATA SIZE       =   ----    ----
   PDATA SIZE       =   ----    ----
   DATA SIZE        =   ----    ----
   IDATA SIZE       =   ----    ----
   BIT SIZE         =   ----    ----
END OF MODULE INFORMATION.


C51 COMPILATION COMPLETE.  0 WARNING(S),  0 ERROR(S)
