C51 COMPILER V9.60.7.0   TIMER1                                                            03/30/2024 14:49:06 PAGE 1   


C51 COMPILER V9.60.7.0, COMPILATION OF MODULE TIMER1
OBJECT MODULE PLACED IN .\Objects\timer1.obj
COMPILER INVOKED BY: C:\Keil_v5\C51\BIN\C51.EXE timer1.c OPTIMIZE(8,SPEED) BROWSE DEBUG OBJECTEXTEND PRINT(.\Listings\ti
                    -mer1.lst) OBJECT(.\Objects\timer1.obj)

line level    source

   1          #include <STC15F2K60S2.H>
   2          #include "typedef.h"
   3          
   4          //定时器1 模式1 (16位自动重载)
   5          //@12.000Mhz xms 12t (12分频) 低速模式
   6          void timer1init(u8 ms)
   7          {
   8   1              u32 tmp;
   9   1              //AUXR在12t模式时可省略
  10   1              AUXR &= 0xBF;
  11   1              //TMOD
  12   1              TMOD &= 0x0F;           //设置定时器模式
  13   1              //计算得出TL TH的值
  14   1              tmp = 12000000/12;  //每s 计数TMP次
  15   1              tmp = (tmp*ms)/1000;//每ms计数TMP次
  16   1              tmp = 65536 - tmp;
  17   1              TH1 = (u8)(tmp>>8); //tmp / 256
  18   1              TL1 = (u8)tmp;      //tmp % 256                 
  19   1              //TCON
  20   1              TF1 = 0;                        //清除TF0标志
  21   1              TR1 = 1;                        //定时器0开始计时
  22   1              //interupt
  23   1              ET1 = 1;            //中断允许位
  24   1              EA = 1;             //cpu中断允许位
  25   1      }
  26          
  27          ////这里是定时器1中断函数（示例）
  28          //void interrupttimer1() interrupt 3
  29          //{
  30          //      static u8 count=0;
  31          //      count++;
  32          //      if(count>249)
  33          //              {count=0;ledflow();}
  34          //      shumascan();
  35          //      keyscan4();
  36          //}


MODULE INFORMATION:   STATIC OVERLAYABLE
   CODE SIZE        =    103    ----
   CONSTANT SIZE    =   ----    ----
   XDATA SIZE       =   ----    ----
   PDATA SIZE       =   ----    ----
   DATA SIZE        =   ----       4
   IDATA SIZE       =   ----    ----
   BIT SIZE         =   ----    ----
END OF MODULE INFORMATION.


C51 COMPILATION COMPLETE.  0 WARNING(S),  0 ERROR(S)
