C51 COMPILER V9.60.7.0   MAIN                                                              03/12/2024 17:30:06 PAGE 1   


C51 COMPILER V9.60.7.0, COMPILATION OF MODULE MAIN
OBJECT MODULE PLACED IN .\Objects\main.obj
COMPILER INVOKED BY: C:\Keil_v5\C51\BIN\C51.EXE main.c OPTIMIZE(8,SPEED) BROWSE DEBUG OBJECTEXTEND PRINT(.\Listings\main
                    -.lst) OBJECT(.\Objects\main.obj)

line level    source

   1          #include <STC15F2K60S2.H>
   2          #include "typedef.h"
   3          #include "ds18b20.h"
   4          #include "shuma.h"
   5          #include "timer1.h"
   6          
   7          void main()
   8          {
   9   1              timer1init(2);
  10   1              while(1)
  11   1              {
  12   2                      
  13   2              }
  14   1      }
  15          
  16          //这里是定时器1中断函数
  17          void interrupttimer1() interrupt 3
  18          {
  19   1              static u16 count=0;
  20   1              count++;
  21   1              if(count>499)
  22   1                      {count=0;ds18b20_shuma();}
  23   1              shumascan();
  24   1      }


MODULE INFORMATION:   STATIC OVERLAYABLE
   CODE SIZE        =     92    ----
   CONSTANT SIZE    =   ----    ----
   XDATA SIZE       =   ----    ----
   PDATA SIZE       =   ----    ----
   DATA SIZE        =      2    ----
   IDATA SIZE       =   ----    ----
   BIT SIZE         =   ----    ----
END OF MODULE INFORMATION.


C51 COMPILATION COMPLETE.  0 WARNING(S),  0 ERROR(S)
