C51 COMPILER V9.60.7.0   MAIN                                                              03/30/2024 09:00:21 PAGE 1   


C51 COMPILER V9.60.7.0, COMPILATION OF MODULE MAIN
OBJECT MODULE PLACED IN .\Objects\main.obj
COMPILER INVOKED BY: C:\Keil_v5\C51\BIN\C51.EXE main.c OPTIMIZE(8,SPEED) BROWSE DEBUG OBJECTEXTEND PRINT(.\Listings\main
                    -.lst) OBJECT(.\Objects\main.obj)

line level    source

   1          #include <STC15F2K60S2.H>
   2          #include "infrared.h"
   3          #include "typedef.h"
   4          
   5          sbit IR_INPUT = P1^1;
   6          
   7          u8 code LedChar[] = {
   8              0xC0, 0xF9, 0xA4, 0xB0, 0x99, 0x92, 0x82, 0xF8,
   9              0x80, 0x90, 0x88, 0x83, 0xC6, 0xA1, 0x86, 0x8E
  10          };
  11          u8 LedBuff[] = {
  12                  0xFF, 0xFF, 0xFF, 0xFF, 0xFF, 0xFF, 0xFF, 0xFF
  13          };
  14          
  15          u8 T0RH = 0, T0RL = 0;
  16          
  17          void ConfigTimer0(u16 ms);
  18          void CloseFucker();
  19          
  20          void main()
  21          {       
  22   1              EA = 1;
  23   1              ConfigTimer0(1);
  24   1              InitInfrared();
  25   1      
  26   1              while(1)
  27   1              {
  28   2                      if(!IR_INPUT)
  29   2                      {
  30   3                              IRScan();
  31   3                      }
  32   2                      if(irflag)
  33   2                      {
  34   3                              irflag = 0;
  35   3                              LedBuff[5] = LedChar[ircode[0] >> 4];
  36   3                              LedBuff[4] = LedChar[ircode[0]&0x0F];
  37   3                              LedBuff[1] = LedChar[ircode[2] >> 4];
  38   3                              LedBuff[0] = LedChar[ircode[2]&0x0F];
  39   3                      }
  40   2              }
  41   1      }
  42          
  43          void ConfigTimer0(u16 ms)
  44          {
  45   1          u32 tmp; 
  46   1          
  47   1          tmp = 12000000 / 12;    
  48   1          tmp = (tmp * ms) / 1000;  
  49   1          tmp = 65536 - tmp;          
  50   1          T0RH = (u8)(tmp>>8);  
  51   1          T0RL = (u8)tmp;
  52   1          TMOD &= 0xF0;   
  53   1          TMOD |= 0x01;   
  54   1          TH0 = T0RH;     
C51 COMPILER V9.60.7.0   MAIN                                                              03/30/2024 09:00:21 PAGE 2   

  55   1          TL0 = T0RL;
  56   1          ET0 = 1;       
  57   1          TR0 = 1;       
  58   1      }
  59          
  60          void LedScan()
  61          {
  62   1              static u8 index=0;
  63   1      
  64   1              P2 = (P2 & 0x1F) | 0xE0;
  65   1              P0 = 0xFF;
  66   1              P2 = (P2 & 0x1F);
  67   1      
  68   1              P2 = (P2 & 0x1F) | 0xC0;
  69   1              P0 = 0x80>>index;
  70   1              P2 = (P2 & 0x1F);
  71   1              P2 = (P2 & 0x1F) | 0xE0;
  72   1              P0 = LedBuff[index];
  73   1              P2 = (P2 & 0x1F);
  74   1              
  75   1              index++;
  76   1              index &= 0x07;
  77   1      }
  78          
  79          void InterruptTimer0() interrupt 1
  80          {
  81   1          TH0 = T0RH; 
  82   1          TL0 = T0RL;
  83   1      
  84   1              LedScan();
  85   1      }


MODULE INFORMATION:   STATIC OVERLAYABLE
   CODE SIZE        =    252    ----
   CONSTANT SIZE    =     16    ----
   XDATA SIZE       =   ----    ----
   PDATA SIZE       =   ----    ----
   DATA SIZE        =     11       4
   IDATA SIZE       =   ----    ----
   BIT SIZE         =   ----    ----
END OF MODULE INFORMATION.


C51 COMPILATION COMPLETE.  0 WARNING(S),  0 ERROR(S)
