C51 COMPILER V9.60.7.0   MAIN                                                              03/30/2024 15:05:22 PAGE 1   


C51 COMPILER V9.60.7.0, COMPILATION OF MODULE MAIN
OBJECT MODULE PLACED IN .\Objects\main.obj
COMPILER INVOKED BY: C:\Keil_v5\C51\BIN\C51.EXE main.c OPTIMIZE(8,SPEED) BROWSE DEBUG OBJECTEXTEND PRINT(.\Listings\main
                    -.lst) OBJECT(.\Objects\main.obj)

line level    source

   1          //独立按键(短按加长按)，数码管显示，led流水灯
   2          #include <STC15F2K60S2.H>
   3          #include "shuma.h"
   4          #include "16key.h"
   5          #include "timer1.h"
   6          #include "led.h"
   7          #include "p0init.h"
   8          #include "typedef.h"
   9          
  10          //主函数在这里！
  11          void main()
  12          {
  13   1              p0init();
  14   1              timer1init(1);
  15   1              while(1)
  16   1              {
  17   2                      
  18   2              }
  19   1      }
  20          
  21          //这里是定时器1中断函数
  22          void interrupttimer1() interrupt 3
  23          {
  24   1              static u8 count=0;
  25   1              count++;
  26   1              if(count>249)
  27   1                      {count=0;ledflow();}
  28   1              keyscan16();shumascan();
  29   1      }


MODULE INFORMATION:   STATIC OVERLAYABLE
   CODE SIZE        =     87    ----
   CONSTANT SIZE    =   ----    ----
   XDATA SIZE       =   ----    ----
   PDATA SIZE       =   ----    ----
   DATA SIZE        =      1    ----
   IDATA SIZE       =   ----    ----
   BIT SIZE         =   ----    ----
END OF MODULE INFORMATION.


C51 COMPILATION COMPLETE.  0 WARNING(S),  0 ERROR(S)
