C51 COMPILER V9.60.7.0   MAIN                                                              03/31/2024 10:39:53 PAGE 1   


C51 COMPILER V9.60.7.0, COMPILATION OF MODULE MAIN
OBJECT MODULE PLACED IN .\Objects\main.obj
COMPILER INVOKED BY: C:\Keil_v5\C51\BIN\C51.EXE main.c OPTIMIZE(8,SPEED) BROWSE DEBUG OBJECTEXTEND PRINT(.\Listings\main
                    -.lst) OBJECT(.\Objects\main.obj)

line level    source

   1          //独立按键(短按加长按)，数码管显示，led流水灯
   2          #include <STC15F2K60S2.H>
   3          #include "shuma.h"
   4          #include "4key.h"
   5          #include "timer1.h"
   6          #include "led.h"
   7          #include "p0init.h"
   8          #include "typedef.h"
   9          
  10          u32 number = 114;//显示数字
  11          //extern类型，在4key.c再次声明
  12          
  13          extern u8 shumatmp[];
  14          
  15          //主函数在这里！
  16          void main()
  17          {
  18   1              p0init();
  19   1              warma_none_zero(3,5,number);
  20   1              timer1init(2);
  21   1              while(1)
  22   1              {
  23   2                      
  24   2              }
  25   1      }
  26          
  27          //这里是定时器1中断函数
  28          void interrupttimer1() interrupt 3
  29          {
  30   1              static u8 count=0;
  31   1              count++;
  32   1              if(count>249)
  33   1                      {count=0;ledflow();}
  34   1              shumascan();
  35   1              keyscan4();
  36   1      }


MODULE INFORMATION:   STATIC OVERLAYABLE
   CODE SIZE        =    106    ----
   CONSTANT SIZE    =   ----    ----
   XDATA SIZE       =   ----    ----
   PDATA SIZE       =   ----    ----
   DATA SIZE        =      5    ----
   IDATA SIZE       =   ----    ----
   BIT SIZE         =   ----    ----
END OF MODULE INFORMATION.


C51 COMPILATION COMPLETE.  0 WARNING(S),  0 ERROR(S)
