C51 COMPILER V9.60.7.0   LED                                                               03/30/2024 11:09:47 PAGE 1   


C51 COMPILER V9.60.7.0, COMPILATION OF MODULE LED
OBJECT MODULE PLACED IN .\Objects\led.obj
COMPILER INVOKED BY: C:\Keil_v5\C51\BIN\C51.EXE led.c OPTIMIZE(8,SPEED) BROWSE DEBUG OBJECTEXTEND PRINT(.\Listings\led.l
                    -st) OBJECT(.\Objects\led.obj)

line level    source

   1          #include <STC15F2K60S2.H>
   2          #include "typedef.h"
   3          
   4          static u8 shift = 0x01;
   5          u8 i = 0;//
   6          
   7          //基础led
   8          void led(u8 locate)//0亮
   9          {
  10   1              P2=(P2&0x1f)|0x80;
  11   1              P0=locate;
  12   1              P2&=0x1f;
  13   1      }
  14          
  15          //led流水灯(中断调用）
  16          void ledflow()
  17          {
  18   1              static bit x = 0;
  19   1              
  20   1              P2=(P2&0x1f)|0x80;
  21   1              P0=~shift;
  22   1              if(x == 0)
  23   1              {
  24   2                      shift <<= 1;
  25   2                      i++;//
  26   2                      if(shift == 0x80) x = 1;
  27   2              }
  28   1              else
  29   1              {
  30   2                      shift >>= 1;
  31   2                      i--;//
  32   2                      if(shift == 0x01) x = 0;
  33   2              }
  34   1              P2&=0x1f;
  35   1      }
  36          
  37          //pwm计算函数  定时器10us（100000hz）
  38          //max（最大精度）:建议10（T=100us）-100（T=1ms）
  39          //ex（占空比）：Ton/T  ex/max
  40          void pwm (u8 max,u8 ex)
  41          {
  42   1              static u8 cnt = 0;
  43   1              if(cnt == ex)
  44   1              {
  45   2                      led(0xff);
  46   2              }
  47   1              if(cnt < max)
  48   1                      cnt++;
  49   1              else
  50   1              {
  51   2                      led(~shift);
  52   2                      cnt = 0;
  53   2              }
  54   1      }
C51 COMPILER V9.60.7.0   LED                                                               03/30/2024 11:09:47 PAGE 2   



MODULE INFORMATION:   STATIC OVERLAYABLE
   CODE SIZE        =     94    ----
   CONSTANT SIZE    =   ----    ----
   XDATA SIZE       =   ----    ----
   PDATA SIZE       =   ----    ----
   DATA SIZE        =      3    ----
   IDATA SIZE       =   ----    ----
   BIT SIZE         =      1    ----
END OF MODULE INFORMATION.


C51 COMPILATION COMPLETE.  0 WARNING(S),  0 ERROR(S)
